{"/Users/bushrajaneb/Desktop/conduit/src/App.jsx": {"path":"/Users/bushrajaneb/Desktop/conduit/src/App.jsx","statementMap":{"0":{"start":{"line":11,"column":2},"end":{"line":16,"column":4}}},"fnMap":{"0":{"name":"App","decl":{"start":{"line":10,"column":9},"end":{"line":10,"column":12}},"loc":{"start":{"line":10,"column":15},"end":{"line":17,"column":1}},"line":10}},"branchMap":{},"s":{"0":1},"f":{"0":1},"b":{},"_coverageSchema":"1a1c01bbd47fc00a2c39e90264f33305004495a9","hash":"95421c2b8202724d6c09d18461c08c04b4a9a408"}
,"/Users/bushrajaneb/Desktop/conduit/src/index.js": {"path":"/Users/bushrajaneb/Desktop/conduit/src/index.js","statementMap":{"0":{"start":{"line":7,"column":0},"end":{"line":12,"column":2}}},"fnMap":{},"branchMap":{},"s":{"0":0},"f":{},"b":{}}
,"/Users/bushrajaneb/Desktop/conduit/src/components/articles/Articles.jsx": {"path":"/Users/bushrajaneb/Desktop/conduit/src/components/articles/Articles.jsx","statementMap":{"0":{"start":{"line":29,"column":23},"end":{"line":76,"column":1}},"1":{"start":{"line":30,"column":30},"end":{"line":30,"column":41}},"2":{"start":{"line":35,"column":21},"end":{"line":37,"column":3}},"3":{"start":{"line":36,"column":4},"end":{"line":36,"column":26}},"4":{"start":{"line":39,"column":2},"end":{"line":75,"column":4}},"5":{"start":{"line":50,"column":10},"end":{"line":71,"column":29}},"6":{"start":{"line":61,"column":41},"end":{"line":61,"column":53}},"7":{"start":{"line":78,"column":0},"end":{"line":80,"column":2}}},"fnMap":{"0":{"name":"(anonymous_0)","decl":{"start":{"line":29,"column":23},"end":{"line":29,"column":24}},"loc":{"start":{"line":29,"column":44},"end":{"line":76,"column":1}},"line":29},"1":{"name":"(anonymous_1)","decl":{"start":{"line":35,"column":21},"end":{"line":35,"column":22}},"loc":{"start":{"line":35,"column":27},"end":{"line":37,"column":3}},"line":35},"2":{"name":"(anonymous_2)","decl":{"start":{"line":49,"column":25},"end":{"line":49,"column":26}},"loc":{"start":{"line":50,"column":10},"end":{"line":71,"column":29}},"line":50},"3":{"name":"(anonymous_3)","decl":{"start":{"line":61,"column":35},"end":{"line":61,"column":36}},"loc":{"start":{"line":61,"column":41},"end":{"line":61,"column":53}},"line":61}},"branchMap":{},"s":{"0":1,"1":0,"2":0,"3":0,"4":0,"5":0,"6":0,"7":1},"f":{"0":0,"1":0,"2":0,"3":0},"b":{},"_coverageSchema":"1a1c01bbd47fc00a2c39e90264f33305004495a9","hash":"8b4124cbabce579b0aa34fddb1f1741584b9e174"}
,"/Users/bushrajaneb/Desktop/conduit/src/components/articles/articles.styles.js": {"path":"/Users/bushrajaneb/Desktop/conduit/src/components/articles/articles.styles.js","statementMap":{"0":{"start":{"line":4,"column":32},"end":{"line":7,"column":1}},"1":{"start":{"line":9,"column":30},"end":{"line":14,"column":1}},"2":{"start":{"line":16,"column":26},"end":{"line":21,"column":1}},"3":{"start":{"line":23,"column":22},"end":{"line":30,"column":1}},"4":{"start":{"line":32,"column":29},"end":{"line":34,"column":1}},"5":{"start":{"line":36,"column":26},"end":{"line":41,"column":1}},"6":{"start":{"line":43,"column":27},"end":{"line":48,"column":1}},"7":{"start":{"line":50,"column":28},"end":{"line":55,"column":1}},"8":{"start":{"line":57,"column":27},"end":{"line":63,"column":1}},"9":{"start":{"line":65,"column":24},"end":{"line":71,"column":1}},"10":{"start":{"line":73,"column":26},"end":{"line":77,"column":1}},"11":{"start":{"line":79,"column":30},"end":{"line":85,"column":1}},"12":{"start":{"line":87,"column":22},"end":{"line":100,"column":1}},"13":{"start":{"line":102,"column":26},"end":{"line":121,"column":1}},"14":{"start":{"line":123,"column":25},"end":{"line":126,"column":1}}},"fnMap":{},"branchMap":{},"s":{"0":1,"1":1,"2":1,"3":1,"4":1,"5":1,"6":1,"7":1,"8":1,"9":1,"10":1,"11":1,"12":1,"13":1,"14":1},"f":{},"b":{},"_coverageSchema":"1a1c01bbd47fc00a2c39e90264f33305004495a9","hash":"0283f8c04a4f9fca16b84d2b556bd17fc5fa44e1"}
,"/Users/bushrajaneb/Desktop/conduit/src/components/banner/Banner.jsx": {"path":"/Users/bushrajaneb/Desktop/conduit/src/components/banner/Banner.jsx","statementMap":{"0":{"start":{"line":9,"column":22},"end":{"line":16,"column":1}},"1":{"start":{"line":10,"column":2},"end":{"line":15,"column":4}}},"fnMap":{"0":{"name":"(anonymous_0)","decl":{"start":{"line":9,"column":22},"end":{"line":9,"column":23}},"loc":{"start":{"line":9,"column":28},"end":{"line":16,"column":1}},"line":9}},"branchMap":{},"s":{"0":2,"1":1},"f":{"0":1},"b":{},"_coverageSchema":"1a1c01bbd47fc00a2c39e90264f33305004495a9","hash":"40d9890bb0b8c8432fe9e3f67cd0360b7a84e7ca"}
,"/Users/bushrajaneb/Desktop/conduit/src/components/banner/banner.style.js": {"path":"/Users/bushrajaneb/Desktop/conduit/src/components/banner/banner.style.js","statementMap":{"0":{"start":{"line":3,"column":31},"end":{"line":11,"column":1}},"1":{"start":{"line":13,"column":29},"end":{"line":20,"column":1}},"2":{"start":{"line":22,"column":29},"end":{"line":28,"column":1}}},"fnMap":{},"branchMap":{},"s":{"0":2,"1":2,"2":2},"f":{},"b":{},"_coverageSchema":"1a1c01bbd47fc00a2c39e90264f33305004495a9","hash":"8e00d1f185efefb43b6a42e2a4315bf64dd406b7"}
,"/Users/bushrajaneb/Desktop/conduit/src/components/homePage/HomePage.jsx": {"path":"/Users/bushrajaneb/Desktop/conduit/src/components/homePage/HomePage.jsx","statementMap":{"0":{"start":{"line":16,"column":20},"end":{"line":69,"column":1}},"1":{"start":{"line":17,"column":21},"end":{"line":17,"column":42}},"2":{"start":{"line":18,"column":40},"end":{"line":18,"column":51}},"3":{"start":{"line":19,"column":38},"end":{"line":19,"column":50}},"4":{"start":{"line":20,"column":19},"end":{"line":22,"column":14}},"5":{"start":{"line":21,"column":35},"end":{"line":21,"column":68}},"6":{"start":{"line":23,"column":21},"end":{"line":23,"column":33}},"7":{"start":{"line":24,"column":22},"end":{"line":24,"column":63}},"8":{"start":{"line":25,"column":17},"end":{"line":25,"column":34}},"9":{"start":{"line":32,"column":27},"end":{"line":39,"column":3}},"10":{"start":{"line":33,"column":4},"end":{"line":33,"column":25}},"11":{"start":{"line":34,"column":4},"end":{"line":38,"column":7}},"12":{"start":{"line":46,"column":26},"end":{"line":49,"column":3}},"13":{"start":{"line":47,"column":4},"end":{"line":47,"column":23}},"14":{"start":{"line":48,"column":4},"end":{"line":48,"column":22}},"15":{"start":{"line":50,"column":2},"end":{"line":68,"column":4}}},"fnMap":{"0":{"name":"(anonymous_0)","decl":{"start":{"line":16,"column":20},"end":{"line":16,"column":21}},"loc":{"start":{"line":16,"column":26},"end":{"line":69,"column":1}},"line":16},"1":{"name":"(anonymous_1)","decl":{"start":{"line":21,"column":22},"end":{"line":21,"column":23}},"loc":{"start":{"line":21,"column":35},"end":{"line":21,"column":68}},"line":21},"2":{"name":"(anonymous_2)","decl":{"start":{"line":32,"column":27},"end":{"line":32,"column":28}},"loc":{"start":{"line":32,"column":37},"end":{"line":39,"column":3}},"line":32},"3":{"name":"(anonymous_3)","decl":{"start":{"line":46,"column":26},"end":{"line":46,"column":27}},"loc":{"start":{"line":46,"column":35},"end":{"line":49,"column":3}},"line":46}},"branchMap":{"0":{"loc":{"start":{"line":20,"column":19},"end":{"line":22,"column":14}},"type":"cond-expr","locations":[{"start":{"line":21,"column":6},"end":{"line":21,"column":69}},{"start":{"line":22,"column":6},"end":{"line":22,"column":14}}],"line":20}},"s":{"0":1,"1":0,"2":0,"3":0,"4":0,"5":0,"6":0,"7":0,"8":0,"9":0,"10":0,"11":0,"12":0,"13":0,"14":0,"15":0},"f":{"0":0,"1":0,"2":0,"3":0},"b":{"0":[0,0]},"_coverageSchema":"1a1c01bbd47fc00a2c39e90264f33305004495a9","hash":"f6242e6ff92e556eabbd704008f9a53556875f60"}
,"/Users/bushrajaneb/Desktop/conduit/src/components/homePage/homePage.styles.js": {"path":"/Users/bushrajaneb/Desktop/conduit/src/components/homePage/homePage.styles.js","statementMap":{"0":{"start":{"line":3,"column":33},"end":{"line":13,"column":1}}},"fnMap":{},"branchMap":{},"s":{"0":1},"f":{},"b":{},"_coverageSchema":"1a1c01bbd47fc00a2c39e90264f33305004495a9","hash":"d86e60e3ca957807696a581b48d68dffd8a727f9"}
,"/Users/bushrajaneb/Desktop/conduit/src/components/navbar/Navbar.jsx": {"path":"/Users/bushrajaneb/Desktop/conduit/src/components/navbar/Navbar.jsx","statementMap":{"0":{"start":{"line":23,"column":19},"end":{"line":63,"column":1}},"1":{"start":{"line":24,"column":36},"end":{"line":24,"column":51}},"2":{"start":{"line":25,"column":16},"end":{"line":29,"column":3}},"3":{"start":{"line":35,"column":25},"end":{"line":37,"column":3}},"4":{"start":{"line":36,"column":4},"end":{"line":36,"column":29}},"5":{"start":{"line":38,"column":2},"end":{"line":62,"column":4}},"6":{"start":{"line":46,"column":12},"end":{"line":48,"column":28}},"7":{"start":{"line":56,"column":14},"end":{"line":56,"column":31}},"8":{"start":{"line":65,"column":0},"end":{"line":67,"column":2}}},"fnMap":{"0":{"name":"(anonymous_0)","decl":{"start":{"line":23,"column":19},"end":{"line":23,"column":20}},"loc":{"start":{"line":23,"column":25},"end":{"line":63,"column":1}},"line":23},"1":{"name":"(anonymous_1)","decl":{"start":{"line":35,"column":25},"end":{"line":35,"column":26}},"loc":{"start":{"line":35,"column":31},"end":{"line":37,"column":3}},"line":35},"2":{"name":"(anonymous_2)","decl":{"start":{"line":45,"column":21},"end":{"line":45,"column":22}},"loc":{"start":{"line":46,"column":12},"end":{"line":48,"column":28}},"line":46},"3":{"name":"(anonymous_3)","decl":{"start":{"line":55,"column":21},"end":{"line":55,"column":22}},"loc":{"start":{"line":55,"column":27},"end":{"line":57,"column":13}},"line":55}},"branchMap":{"0":{"loc":{"start":{"line":53,"column":18},"end":{"line":53,"column":46}},"type":"cond-expr","locations":[{"start":{"line":53,"column":30},"end":{"line":53,"column":37}},{"start":{"line":53,"column":40},"end":{"line":53,"column":46}}],"line":53},"1":{"loc":{"start":{"line":54,"column":19},"end":{"line":54,"column":48}},"type":"cond-expr","locations":[{"start":{"line":54,"column":31},"end":{"line":54,"column":37}},{"start":{"line":54,"column":40},"end":{"line":54,"column":48}}],"line":54}},"s":{"0":2,"1":3,"2":1,"3":1,"4":0,"5":1,"6":3,"7":0,"8":2},"f":{"0":3,"1":0,"2":3,"3":0},"b":{"0":[0,1],"1":[0,1]},"_coverageSchema":"1a1c01bbd47fc00a2c39e90264f33305004495a9","hash":"c357360195d5c58f155a23bf16579a0150a067df"}
,"/Users/bushrajaneb/Desktop/conduit/src/components/navbar/navbar.styles.js": {"path":"/Users/bushrajaneb/Desktop/conduit/src/components/navbar/navbar.styles.js","statementMap":{"0":{"start":{"line":3,"column":31},"end":{"line":7,"column":1}},"1":{"start":{"line":9,"column":22},"end":{"line":14,"column":1}},"2":{"start":{"line":16,"column":20},"end":{"line":22,"column":1}},"3":{"start":{"line":24,"column":21},"end":{"line":54,"column":1}},"4":{"start":{"line":27,"column":33},"end":{"line":27,"column":62}},"5":{"start":{"line":56,"column":29},"end":{"line":65,"column":1}},"6":{"start":{"line":67,"column":22},"end":{"line":75,"column":1}},"7":{"start":{"line":77,"column":25},"end":{"line":81,"column":1}}},"fnMap":{"0":{"name":"(anonymous_0)","decl":{"start":{"line":27,"column":13},"end":{"line":27,"column":14}},"loc":{"start":{"line":27,"column":33},"end":{"line":27,"column":62}},"line":27}},"branchMap":{"0":{"loc":{"start":{"line":27,"column":33},"end":{"line":27,"column":62}},"type":"cond-expr","locations":[{"start":{"line":27,"column":45},"end":{"line":27,"column":53}},{"start":{"line":27,"column":56},"end":{"line":27,"column":62}}],"line":27}},"s":{"0":2,"1":2,"2":2,"3":2,"4":0,"5":2,"6":2,"7":2},"f":{"0":0},"b":{"0":[0,0]},"_coverageSchema":"1a1c01bbd47fc00a2c39e90264f33305004495a9","hash":"1cbce3433d4e47b1557bbe08a3bbabdad106edca"}
,"/Users/bushrajaneb/Desktop/conduit/src/components/pagination/Pagination.jsx": {"path":"/Users/bushrajaneb/Desktop/conduit/src/components/pagination/Pagination.jsx","statementMap":{"0":{"start":{"line":22,"column":26},"end":{"line":52,"column":1}},"1":{"start":{"line":28,"column":21},"end":{"line":28,"column":52}},"2":{"start":{"line":30,"column":2},"end":{"line":30,"column":36}},"3":{"start":{"line":30,"column":24},"end":{"line":30,"column":36}},"4":{"start":{"line":31,"column":16},"end":{"line":31,"column":42}},"5":{"start":{"line":33,"column":2},"end":{"line":51,"column":4}},"6":{"start":{"line":38,"column":12},"end":{"line":46,"column":25}},"7":{"start":{"line":42,"column":16},"end":{"line":42,"column":35}},"8":{"start":{"line":54,"column":0},"end":{"line":59,"column":2}}},"fnMap":{"0":{"name":"(anonymous_0)","decl":{"start":{"line":22,"column":26},"end":{"line":22,"column":27}},"loc":{"start":{"line":27,"column":6},"end":{"line":52,"column":1}},"line":27},"1":{"name":"(anonymous_1)","decl":{"start":{"line":37,"column":21},"end":{"line":37,"column":22}},"loc":{"start":{"line":38,"column":12},"end":{"line":46,"column":25}},"line":38},"2":{"name":"(anonymous_2)","decl":{"start":{"line":41,"column":23},"end":{"line":41,"column":24}},"loc":{"start":{"line":41,"column":29},"end":{"line":43,"column":15}},"line":41}},"branchMap":{"0":{"loc":{"start":{"line":30,"column":2},"end":{"line":30,"column":36}},"type":"if","locations":[{"start":{"line":30,"column":2},"end":{"line":30,"column":36}},{"start":{"line":30,"column":2},"end":{"line":30,"column":36}}],"line":30}},"s":{"0":1,"1":0,"2":0,"3":0,"4":0,"5":0,"6":0,"7":0,"8":1},"f":{"0":0,"1":0,"2":0},"b":{"0":[0,0]},"_coverageSchema":"1a1c01bbd47fc00a2c39e90264f33305004495a9","hash":"9b092359ba9d4934e8f92e06384329d1bfa0d328"}
,"/Users/bushrajaneb/Desktop/conduit/src/components/pagination/pagination.styles.js": {"path":"/Users/bushrajaneb/Desktop/conduit/src/components/pagination/pagination.styles.js","statementMap":{"0":{"start":{"line":3,"column":25},"end":{"line":7,"column":1}},"1":{"start":{"line":9,"column":39},"end":{"line":16,"column":1}},"2":{"start":{"line":18,"column":26},"end":{"line":38,"column":1}},"3":{"start":{"line":19,"column":34},"end":{"line":19,"column":69}},"4":{"start":{"line":21,"column":23},"end":{"line":21,"column":61}}},"fnMap":{"0":{"name":"(anonymous_0)","decl":{"start":{"line":19,"column":22},"end":{"line":19,"column":23}},"loc":{"start":{"line":19,"column":34},"end":{"line":19,"column":69}},"line":19},"1":{"name":"(anonymous_1)","decl":{"start":{"line":21,"column":11},"end":{"line":21,"column":12}},"loc":{"start":{"line":21,"column":23},"end":{"line":21,"column":61}},"line":21}},"branchMap":{"0":{"loc":{"start":{"line":19,"column":34},"end":{"line":19,"column":69}},"type":"cond-expr","locations":[{"start":{"line":19,"column":51},"end":{"line":19,"column":60}},{"start":{"line":19,"column":63},"end":{"line":19,"column":69}}],"line":19},"1":{"loc":{"start":{"line":21,"column":23},"end":{"line":21,"column":61}},"type":"cond-expr","locations":[{"start":{"line":21,"column":40},"end":{"line":21,"column":49}},{"start":{"line":21,"column":52},"end":{"line":21,"column":61}}],"line":21}},"s":{"0":1,"1":1,"2":1,"3":0,"4":0},"f":{"0":0,"1":0},"b":{"0":[0,0],"1":[0,0]},"_coverageSchema":"1a1c01bbd47fc00a2c39e90264f33305004495a9","hash":"d0344b9bc14904e87d16a18b231aed16eda1f413"}
,"/Users/bushrajaneb/Desktop/conduit/src/components/tags/Tags.jsx": {"path":"/Users/bushrajaneb/Desktop/conduit/src/components/tags/Tags.jsx","statementMap":{"0":{"start":{"line":14,"column":19},"end":{"line":29,"column":1}},"1":{"start":{"line":15,"column":32},"end":{"line":15,"column":37}},"2":{"start":{"line":17,"column":2},"end":{"line":28,"column":4}},"3":{"start":{"line":22,"column":10},"end":{"line":24,"column":17}},"4":{"start":{"line":22,"column":45},"end":{"line":22,"column":61}},"5":{"start":{"line":31,"column":0},"end":{"line":34,"column":2}}},"fnMap":{"0":{"name":"(anonymous_0)","decl":{"start":{"line":14,"column":19},"end":{"line":14,"column":20}},"loc":{"start":{"line":14,"column":30},"end":{"line":29,"column":1}},"line":14},"1":{"name":"(anonymous_1)","decl":{"start":{"line":21,"column":18},"end":{"line":21,"column":19}},"loc":{"start":{"line":22,"column":10},"end":{"line":24,"column":17}},"line":22},"2":{"name":"(anonymous_2)","decl":{"start":{"line":22,"column":39},"end":{"line":22,"column":40}},"loc":{"start":{"line":22,"column":45},"end":{"line":22,"column":61}},"line":22}},"branchMap":{},"s":{"0":1,"1":0,"2":0,"3":0,"4":0,"5":1},"f":{"0":0,"1":0,"2":0},"b":{},"_coverageSchema":"1a1c01bbd47fc00a2c39e90264f33305004495a9","hash":"89518045afba0cb216ee902bef2a49f5d023a5c3"}
,"/Users/bushrajaneb/Desktop/conduit/src/components/tags/tags.styles.js": {"path":"/Users/bushrajaneb/Desktop/conduit/src/components/tags/tags.styles.js","statementMap":{"0":{"start":{"line":3,"column":22},"end":{"line":17,"column":1}},"1":{"start":{"line":19,"column":21},"end":{"line":24,"column":1}},"2":{"start":{"line":26,"column":20},"end":{"line":41,"column":1}},"3":{"start":{"line":43,"column":29},"end":{"line":48,"column":1}}},"fnMap":{},"branchMap":{},"s":{"0":1,"1":1,"2":1,"3":1},"f":{},"b":{},"_coverageSchema":"1a1c01bbd47fc00a2c39e90264f33305004495a9","hash":"844834b5befa93fb6c5753991415e850d089f6a1"}
,"/Users/bushrajaneb/Desktop/conduit/src/services/fakeArticlesService.js": {"path":"/Users/bushrajaneb/Desktop/conduit/src/services/fakeArticlesService.js","statementMap":{"0":{"start":{"line":1,"column":24},"end":{"line":415,"column":1}},"1":{"start":{"line":418,"column":2},"end":{"line":418,"column":18}}},"fnMap":{"0":{"name":"getArticles","decl":{"start":{"line":417,"column":16},"end":{"line":417,"column":27}},"loc":{"start":{"line":417,"column":30},"end":{"line":419,"column":1}},"line":417}},"branchMap":{},"s":{"0":1,"1":0},"f":{"0":0},"b":{},"_coverageSchema":"1a1c01bbd47fc00a2c39e90264f33305004495a9","hash":"a5bb4862360612ea0175fcfb3fb50acf10ce16e5"}
,"/Users/bushrajaneb/Desktop/conduit/src/services/fakeTagsService.js": {"path":"/Users/bushrajaneb/Desktop/conduit/src/services/fakeTagsService.js","statementMap":{"0":{"start":{"line":1,"column":20},"end":{"line":50,"column":1}},"1":{"start":{"line":53,"column":2},"end":{"line":53,"column":14}}},"fnMap":{"0":{"name":"getTags","decl":{"start":{"line":52,"column":16},"end":{"line":52,"column":23}},"loc":{"start":{"line":52,"column":26},"end":{"line":54,"column":1}},"line":52}},"branchMap":{},"s":{"0":1,"1":0},"f":{"0":0},"b":{},"_coverageSchema":"1a1c01bbd47fc00a2c39e90264f33305004495a9","hash":"b820ed4d3efa17a8e7787a03f7d32ff06bf89e1a"}
,"/Users/bushrajaneb/Desktop/conduit/src/utils/paginate.js": {"path":"/Users/bushrajaneb/Desktop/conduit/src/utils/paginate.js","statementMap":{"0":{"start":{"line":4,"column":21},"end":{"line":4,"column":48}},"1":{"start":{"line":5,"column":2},"end":{"line":5,"column":59}}},"fnMap":{"0":{"name":"paginate","decl":{"start":{"line":3,"column":16},"end":{"line":3,"column":24}},"loc":{"start":{"line":3,"column":54},"end":{"line":6,"column":1}},"line":3}},"branchMap":{},"s":{"0":0,"1":0},"f":{"0":0},"b":{},"_coverageSchema":"1a1c01bbd47fc00a2c39e90264f33305004495a9","hash":"dfe122b9d0d3701ecc36ad454fc9b8c98745e473"}
}
