TN:
SF:src/App.jsx
FN:10,App
FNF:1
FNH:1
FNDA:1,App
DA:11,1
LF:1
LH:1
BRF:0
BRH:0
end_of_record
TN:
SF:src/index.js
FNF:0
FNH:0
DA:7,0
LF:1
LH:0
BRF:0
BRH:0
end_of_record
TN:
SF:src/components/articles/Articles.jsx
FN:29,(anonymous_0)
FN:35,(anonymous_1)
FN:49,(anonymous_2)
FN:61,(anonymous_3)
FNF:4
FNH:0
FNDA:0,(anonymous_0)
FNDA:0,(anonymous_1)
FNDA:0,(anonymous_2)
FNDA:0,(anonymous_3)
DA:29,1
DA:30,0
DA:35,0
DA:36,0
DA:39,0
DA:50,0
DA:61,0
DA:78,1
LF:8
LH:2
BRF:0
BRH:0
end_of_record
TN:
SF:src/components/articles/articles.styles.js
FNF:0
FNH:0
DA:4,1
DA:9,1
DA:16,1
DA:23,1
DA:32,1
DA:36,1
DA:43,1
DA:50,1
DA:57,1
DA:65,1
DA:73,1
DA:79,1
DA:87,1
DA:102,1
DA:123,1
LF:15
LH:15
BRF:0
BRH:0
end_of_record
TN:
SF:src/components/banner/Banner.jsx
FN:9,(anonymous_0)
FNF:1
FNH:1
FNDA:1,(anonymous_0)
DA:9,2
DA:10,1
LF:2
LH:2
BRF:0
BRH:0
end_of_record
TN:
SF:src/components/banner/banner.style.js
FNF:0
FNH:0
DA:3,2
DA:13,2
DA:22,2
LF:3
LH:3
BRF:0
BRH:0
end_of_record
TN:
SF:src/components/homePage/HomePage.jsx
FN:16,(anonymous_0)
FN:21,(anonymous_1)
FN:32,(anonymous_2)
FN:46,(anonymous_3)
FNF:4
FNH:0
FNDA:0,(anonymous_0)
FNDA:0,(anonymous_1)
FNDA:0,(anonymous_2)
FNDA:0,(anonymous_3)
DA:16,1
DA:17,0
DA:18,0
DA:19,0
DA:20,0
DA:21,0
DA:23,0
DA:24,0
DA:25,0
DA:32,0
DA:33,0
DA:34,0
DA:46,0
DA:47,0
DA:48,0
DA:50,0
LF:16
LH:1
BRDA:20,0,0,0
BRDA:20,0,1,0
BRF:2
BRH:0
end_of_record
TN:
SF:src/components/homePage/homePage.styles.js
FNF:0
FNH:0
DA:3,1
LF:1
LH:1
BRF:0
BRH:0
end_of_record
TN:
SF:src/components/navbar/Navbar.jsx
FN:23,(anonymous_0)
FN:35,(anonymous_1)
FN:45,(anonymous_2)
FN:55,(anonymous_3)
FNF:4
FNH:2
FNDA:3,(anonymous_0)
FNDA:0,(anonymous_1)
FNDA:3,(anonymous_2)
FNDA:0,(anonymous_3)
DA:23,2
DA:24,3
DA:25,1
DA:35,1
DA:36,0
DA:38,1
DA:46,3
DA:56,0
DA:65,2
LF:9
LH:7
BRDA:53,0,0,0
BRDA:53,0,1,1
BRDA:54,1,0,0
BRDA:54,1,1,1
BRF:4
BRH:2
end_of_record
TN:
SF:src/components/navbar/navbar.styles.js
FN:27,(anonymous_0)
FNF:1
FNH:0
FNDA:0,(anonymous_0)
DA:3,2
DA:9,2
DA:16,2
DA:24,2
DA:27,0
DA:56,2
DA:67,2
DA:77,2
LF:8
LH:7
BRDA:27,0,0,0
BRDA:27,0,1,0
BRF:2
BRH:0
end_of_record
TN:
SF:src/components/pagination/Pagination.jsx
FN:22,(anonymous_0)
FN:37,(anonymous_1)
FN:41,(anonymous_2)
FNF:3
FNH:0
FNDA:0,(anonymous_0)
FNDA:0,(anonymous_1)
FNDA:0,(anonymous_2)
DA:22,1
DA:28,0
DA:30,0
DA:31,0
DA:33,0
DA:38,0
DA:42,0
DA:54,1
LF:8
LH:2
BRDA:30,0,0,0
BRDA:30,0,1,0
BRF:2
BRH:0
end_of_record
TN:
SF:src/components/pagination/pagination.styles.js
FN:19,(anonymous_0)
FN:21,(anonymous_1)
FNF:2
FNH:0
FNDA:0,(anonymous_0)
FNDA:0,(anonymous_1)
DA:3,1
DA:9,1
DA:18,1
DA:19,0
DA:21,0
LF:5
LH:3
BRDA:19,0,0,0
BRDA:19,0,1,0
BRDA:21,1,0,0
BRDA:21,1,1,0
BRF:4
BRH:0
end_of_record
TN:
SF:src/components/tags/Tags.jsx
FN:14,(anonymous_0)
FN:21,(anonymous_1)
FN:22,(anonymous_2)
FNF:3
FNH:0
FNDA:0,(anonymous_0)
FNDA:0,(anonymous_1)
FNDA:0,(anonymous_2)
DA:14,1
DA:15,0
DA:17,0
DA:22,0
DA:31,1
LF:5
LH:2
BRF:0
BRH:0
end_of_record
TN:
SF:src/components/tags/tags.styles.js
FNF:0
FNH:0
DA:3,1
DA:19,1
DA:26,1
DA:43,1
LF:4
LH:4
BRF:0
BRH:0
end_of_record
TN:
SF:src/services/fakeArticlesService.js
FN:417,getArticles
FNF:1
FNH:0
FNDA:0,getArticles
DA:1,1
DA:418,0
LF:2
LH:1
BRF:0
BRH:0
end_of_record
TN:
SF:src/services/fakeTagsService.js
FN:52,getTags
FNF:1
FNH:0
FNDA:0,getTags
DA:1,1
DA:53,0
LF:2
LH:1
BRF:0
BRH:0
end_of_record
TN:
SF:src/utils/paginate.js
FN:3,paginate
FNF:1
FNH:0
FNDA:0,paginate
DA:4,0
DA:5,0
LF:2
LH:0
BRF:0
BRH:0
end_of_record
